<?xml version="1.0" encoding="UTF-8"?>
<testng-results skipped="0" failed="0" ignored="0" total="2" passed="2">
  <reporter-output>
  </reporter-output>
  <suite name="Suite" duration-ms="93411" started-at="2020-01-04T06:42:14Z" finished-at="2020-01-04T06:43:48Z">
    <groups>
    </groups>
    <test name="Test" duration-ms="93411" started-at="2020-01-04T06:42:14Z" finished-at="2020-01-04T06:43:48Z">
      <class name="appium.test.DataProvider">
        <test-method status="PASS" signature="Checkingtext(java.lang.String)[pri:0, instance:appium.test.DataProvider@4e9ba398]" name="Checkingtext" duration-ms="47965" started-at="2020-01-04T12:12:15Z" data-provider="testdata" finished-at="2020-01-04T12:13:02Z">
          <params>
            <param index="0">
              <value>
                <![CDATA[hello]]>
              </value>
            </param>
          </params>
          <reporter-output>
          </reporter-output>
        </test-method> <!-- Checkingtext -->
        <test-method status="PASS" signature="Checkingtext(java.lang.String)[pri:0, instance:appium.test.DataProvider@4e9ba398]" name="Checkingtext" duration-ms="45287" started-at="2020-01-04T12:13:02Z" data-provider="testdata" finished-at="2020-01-04T12:13:48Z">
          <params>
            <param index="0">
              <value>
                <![CDATA[414qee]]>
              </value>
            </param>
          </params>
          <reporter-output>
          </reporter-output>
        </test-method> <!-- Checkingtext -->
      </class> <!-- appium.test.DataProvider -->
    </test> <!-- Test -->
  </suite> <!-- Suite -->
</testng-results>
